INFO  2024-09-16T15:18:42.687+00:00 ThreadId(9) [1P:foundation/op-log/src/lib.rs:638] Removed 3 old log files
INFO  2024-09-16T15:18:42.698+00:00 ThreadId(9) [1P:op-settings/src/store/json_store.rs:176] Settings file created @ 2024-04-12 18:33:12.781743977 UTC and last modified @ 2024-04-12 18:34:36.045197830 UTC
INFO  2024-09-16T15:18:42.719+00:00 ThreadId(9) [client:typescript] Client starting.
INFO  2024-09-16T15:19:13.557+00:00 ThreadId(9) [1P:op-crash-reporting/src/crash_handler.rs:276] Started crash handler thread
INFO  2024-09-16T15:19:13.564+00:00 ThreadId(9) [1P:op-localization/src/lib.rs:232] system locale detected as 'en-US'
INFO  2024-09-16T15:19:13.566+00:00 ThreadId(9) [1P:op-localization/src/lib.rs:258] selected translations for EN_US based on detected locale en-US
INFO  2024-09-16T15:19:13.566+00:00 ThreadId(9) [status:app/op-app/src/app.rs:622] App::new(1Password for Linux/81044034 (EN_US), /home/<redacted-username>/.config/1Password)
INFO  2024-09-16T15:19:13.676+00:00 ThreadId(9) [1P:data/op-db/src/common/mod.rs:120] Core DB Table Integrity Check Succeeded
INFO  2024-09-16T15:19:13.684+00:00 ThreadId(9) [1P:data/op-db/src/common/mod.rs:134] Core DB Integrity Check Succeeded
INFO  2024-09-16T15:19:13.685+00:00 ThreadId(9) [1P:data/op-db/src/core_db/db.rs:169] Starting Core DB at version: 31
INFO  2024-09-16T15:19:13.692+00:00 ThreadId(9) [1P:data/op-db/src/core_db/db.rs:1142] Updated DB Schema to version 032
INFO  2024-09-16T15:19:13.702+00:00 ThreadId(9) [1P:data/op-db/src/core_db/db.rs:1155] Updated DB Schema to version 033
INFO  2024-09-16T15:19:13.711+00:00 ThreadId(9) [1P:data/op-db/src/core_db/db.rs:1168] Updated DB Schema to version 034
INFO  2024-09-16T15:19:13.720+00:00 ThreadId(9) [1P:data/op-db/src/common/mod.rs:120] Resources DB Table Integrity Check Succeeded
INFO  2024-09-16T15:19:13.721+00:00 ThreadId(9) [1P:data/op-db/src/common/mod.rs:134] Resources DB Integrity Check Succeeded
INFO  2024-09-16T15:19:13.721+00:00 ThreadId(9) [1P:data/op-db/src/resources_db/db.rs:134] Starting Resources DB at version: 1
ERROR 2024-09-16T15:19:13.760+00:00 ThreadId(9) [1P:/builds/dev/core/core/ssh/op-ssh-config/src/lib.rs:198] Failed to start ssh config file watcher: Io(Os { code: 2, kind: NotFound, message: "No such file or directory" })
INFO  2024-09-16T15:19:13.814+00:00 tokio-runtime-worker(ThreadId(8)) [1P:app/op-app/src/app/backend/lock.rs:340] MYCELIUM PRE-REGISTRATION FLAGS: Fetching pre-registration flags
INFO  2024-09-16T15:19:13.832+00:00 tokio-runtime-worker(ThreadId(8)) [1P:native-messaging/op-native-core-integration/src/lib.rs:332] Starting IPC listener on 1Password-BrowserSupport
ERROR 2024-09-16T15:19:13.833+00:00 ThreadId(9) [1P:ffi/op-core-node/src/lib.rs:448] Io(Os { code: 2, kind: NotFound, message: "No such file or directory" })
INFO  2024-09-16T15:19:13.834+00:00 tokio-runtime-worker(ThreadId(8)) [1P:native-messaging/op-native-core-integration/src/lib.rs:344] Active native core integration is awaiting messages
INFO  2024-09-16T15:19:13.857+00:00 tokio-runtime-worker(ThreadId(2)) [1P:ssh/op-agent-controller/src/lib.rs:526] Starting filesystem watcher for SSH agent configuration directories...
ERROR 2024-09-16T15:19:13.859+00:00 tokio-runtime-worker(ThreadId(2)) [1P:/builds/dev/core/core/ssh/op-agent-controller/src/lib.rs:527] Io(Os { code: 2, kind: NotFound, message: "No such file or directory" })
INFO  2024-09-16T15:19:13.998+00:00 tokio-runtime-worker(ThreadId(5)) [1P:app/op-app/src/app/backend/lock.rs:347] MYCELIUM PRE-REGISTRATION FLAGS: Forward flag enabled false
INFO  2024-09-16T15:19:13.998+00:00 tokio-runtime-worker(ThreadId(5)) [1P:app/op-app/src/app/backend/lock.rs:356] MYCELIUM PRE-REGISTRATION FLAGS: Reverse flag enabled false
INFO  2024-09-16T15:19:29.332+00:00 tokio-runtime-worker(ThreadId(8)) [1P:native-messaging/op-native-core-integration/src/lib.rs:369] Extension connecting.
INFO  2024-09-16T15:19:29.332+00:00 tokio-runtime-worker(ThreadId(8)) [1P:native-messaging/op-native-core-integration/src/lib.rs:371] Extension connection accepted.
WARN  2024-09-16T15:19:29.334+00:00 tokio-runtime-worker(ThreadId(8)) [1P:native-messaging/op-native-core-integration/src/connection_handler.rs:295] browser extension attempted to connect, but only the CLI is currently allowed
ERROR 2024-09-16T15:19:29.334+00:00 tokio-runtime-worker(ThreadId(8)) [1P:native-messaging/op-native-core-integration/src/connection_handler.rs:108] failed to validate NMH request: InvalidClientInfo
ERROR 2024-09-16T15:19:29.334+00:00 tokio-runtime-worker(ThreadId(8)) [1P:native-messaging/op-native-core-integration/src/connection_handler.rs:31] Dropping connection with b5x due to error handling incoming message: InvalidClientInfo
INFO  2024-09-16T15:19:30.333+00:00 tokio-runtime-worker(ThreadId(8)) [1P:native-messaging/op-native-core-integration/src/lib.rs:369] Extension connecting.
INFO  2024-09-16T15:19:30.334+00:00 tokio-runtime-worker(ThreadId(8)) [1P:native-messaging/op-native-core-integration/src/lib.rs:371] Extension connection accepted.
WARN  2024-09-16T15:19:30.334+00:00 tokio-runtime-worker(ThreadId(8)) [1P:native-messaging/op-native-core-integration/src/connection_handler.rs:295] browser extension attempted to connect, but only the CLI is currently allowed
ERROR 2024-09-16T15:19:30.334+00:00 tokio-runtime-worker(ThreadId(8)) [1P:native-messaging/op-native-core-integration/src/connection_handler.rs:108] failed to validate NMH request: InvalidClientInfo
ERROR 2024-09-16T15:19:30.334+00:00 tokio-runtime-worker(ThreadId(8)) [1P:native-messaging/op-native-core-integration/src/connection_handler.rs:31] Dropping connection with b5x due to error handling incoming message: InvalidClientInfo
INFO  2024-09-16T15:19:55.338+00:00 tokio-runtime-worker(ThreadId(2)) [1P:native-messaging/op-native-core-integration/src/lib.rs:369] Extension connecting.
INFO  2024-09-16T15:19:55.338+00:00 tokio-runtime-worker(ThreadId(2)) [1P:native-messaging/op-native-core-integration/src/lib.rs:371] Extension connection accepted.
WARN  2024-09-16T15:19:55.338+00:00 tokio-runtime-worker(ThreadId(2)) [1P:native-messaging/op-native-core-integration/src/connection_handler.rs:295] browser extension attempted to connect, but only the CLI is currently allowed
ERROR 2024-09-16T15:19:55.338+00:00 tokio-runtime-worker(ThreadId(2)) [1P:native-messaging/op-native-core-integration/src/connection_handler.rs:108] failed to validate NMH request: InvalidClientInfo
ERROR 2024-09-16T15:19:55.338+00:00 tokio-runtime-worker(ThreadId(2)) [1P:native-messaging/op-native-core-integration/src/connection_handler.rs:31] Dropping connection with b5x due to error handling incoming message: InvalidClientInfo
INFO  2024-09-16T15:19:56.339+00:00 tokio-runtime-worker(ThreadId(2)) [1P:native-messaging/op-native-core-integration/src/lib.rs:369] Extension connecting.
INFO  2024-09-16T15:19:56.339+00:00 tokio-runtime-worker(ThreadId(2)) [1P:native-messaging/op-native-core-integration/src/lib.rs:371] Extension connection accepted.
WARN  2024-09-16T15:19:56.340+00:00 tokio-runtime-worker(ThreadId(2)) [1P:native-messaging/op-native-core-integration/src/connection_handler.rs:295] browser extension attempted to connect, but only the CLI is currently allowed
ERROR 2024-09-16T15:19:56.340+00:00 tokio-runtime-worker(ThreadId(2)) [1P:native-messaging/op-native-core-integration/src/connection_handler.rs:108] failed to validate NMH request: InvalidClientInfo
ERROR 2024-09-16T15:19:56.340+00:00 tokio-runtime-worker(ThreadId(2)) [1P:native-messaging/op-native-core-integration/src/connection_handler.rs:31] Dropping connection with b5x due to error handling incoming message: InvalidClientInfo
INFO  2024-09-16T15:20:11.849+00:00 tokio-runtime-worker(ThreadId(2)) [1P:native-messaging/op-native-core-integration/src/lib.rs:369] Extension connecting.
INFO  2024-09-16T15:20:11.849+00:00 tokio-runtime-worker(ThreadId(2)) [1P:native-messaging/op-native-core-integration/src/lib.rs:371] Extension connection accepted.
WARN  2024-09-16T15:20:11.849+00:00 tokio-runtime-worker(ThreadId(2)) [1P:native-messaging/op-native-core-integration/src/connection_handler.rs:295] browser extension attempted to connect, but only the CLI is currently allowed
ERROR 2024-09-16T15:20:11.849+00:00 tokio-runtime-worker(ThreadId(2)) [1P:native-messaging/op-native-core-integration/src/connection_handler.rs:108] failed to validate NMH request: InvalidClientInfo
ERROR 2024-09-16T15:20:11.849+00:00 tokio-runtime-worker(ThreadId(2)) [1P:native-messaging/op-native-core-integration/src/connection_handler.rs:31] Dropping connection with b5x due to error handling incoming message: InvalidClientInfo
INFO  2024-09-16T15:20:12.851+00:00 tokio-runtime-worker(ThreadId(2)) [1P:native-messaging/op-native-core-integration/src/lib.rs:369] Extension connecting.
INFO  2024-09-16T15:20:12.851+00:00 tokio-runtime-worker(ThreadId(2)) [1P:native-messaging/op-native-core-integration/src/lib.rs:371] Extension connection accepted.
WARN  2024-09-16T15:20:12.851+00:00 tokio-runtime-worker(ThreadId(2)) [1P:native-messaging/op-native-core-integration/src/connection_handler.rs:295] browser extension attempted to connect, but only the CLI is currently allowed
ERROR 2024-09-16T15:20:12.851+00:00 tokio-runtime-worker(ThreadId(2)) [1P:native-messaging/op-native-core-integration/src/connection_handler.rs:108] failed to validate NMH request: InvalidClientInfo
ERROR 2024-09-16T15:20:12.851+00:00 tokio-runtime-worker(ThreadId(2)) [1P:native-messaging/op-native-core-integration/src/connection_handler.rs:31] Dropping connection with b5x due to error handling incoming message: InvalidClientInfo
INFO  2024-09-16T15:20:41.635+00:00 tokio-runtime-worker(ThreadId(2)) [1P:native-messaging/op-native-core-integration/src/lib.rs:369] Extension connecting.
INFO  2024-09-16T15:20:41.636+00:00 tokio-runtime-worker(ThreadId(2)) [1P:native-messaging/op-native-core-integration/src/lib.rs:371] Extension connection accepted.
WARN  2024-09-16T15:20:41.636+00:00 tokio-runtime-worker(ThreadId(2)) [1P:native-messaging/op-native-core-integration/src/connection_handler.rs:295] browser extension attempted to connect, but only the CLI is currently allowed
ERROR 2024-09-16T15:20:41.636+00:00 tokio-runtime-worker(ThreadId(2)) [1P:native-messaging/op-native-core-integration/src/connection_handler.rs:108] failed to validate NMH request: InvalidClientInfo
ERROR 2024-09-16T15:20:41.636+00:00 tokio-runtime-worker(ThreadId(2)) [1P:native-messaging/op-native-core-integration/src/connection_handler.rs:31] Dropping connection with b5x due to error handling incoming message: InvalidClientInfo
INFO  2024-09-16T15:20:42.638+00:00 tokio-runtime-worker(ThreadId(2)) [1P:native-messaging/op-native-core-integration/src/lib.rs:369] Extension connecting.
INFO  2024-09-16T15:20:42.638+00:00 tokio-runtime-worker(ThreadId(2)) [1P:native-messaging/op-native-core-integration/src/lib.rs:371] Extension connection accepted.
WARN  2024-09-16T15:20:42.638+00:00 tokio-runtime-worker(ThreadId(2)) [1P:native-messaging/op-native-core-integration/src/connection_handler.rs:295] browser extension attempted to connect, but only the CLI is currently allowed
ERROR 2024-09-16T15:20:42.638+00:00 tokio-runtime-worker(ThreadId(2)) [1P:native-messaging/op-native-core-integration/src/connection_handler.rs:108] failed to validate NMH request: InvalidClientInfo
ERROR 2024-09-16T15:20:42.638+00:00 tokio-runtime-worker(ThreadId(2)) [1P:native-messaging/op-native-core-integration/src/connection_handler.rs:31] Dropping connection with b5x due to error handling incoming message: InvalidClientInfo
INFO  2024-09-16T15:26:47.016+00:00 tokio-runtime-worker(ThreadId(2)) [1P:native-messaging/op-native-core-integration/src/lib.rs:369] Extension connecting.
INFO  2024-09-16T15:26:47.019+00:00 tokio-runtime-worker(ThreadId(2)) [1P:native-messaging/op-native-core-integration/src/lib.rs:371] Extension connection accepted.
WARN  2024-09-16T15:26:47.023+00:00 tokio-runtime-worker(ThreadId(2)) [1P:native-messaging/op-native-core-integration/src/connection_handler.rs:295] browser extension attempted to connect, but only the CLI is currently allowed
ERROR 2024-09-16T15:26:47.023+00:00 tokio-runtime-worker(ThreadId(2)) [1P:native-messaging/op-native-core-integration/src/connection_handler.rs:108] failed to validate NMH request: InvalidClientInfo
ERROR 2024-09-16T15:26:47.023+00:00 tokio-runtime-worker(ThreadId(2)) [1P:native-messaging/op-native-core-integration/src/connection_handler.rs:31] Dropping connection with b5x due to error handling incoming message: InvalidClientInfo
INFO  2024-09-16T15:26:48.016+00:00 tokio-runtime-worker(ThreadId(2)) [1P:native-messaging/op-native-core-integration/src/lib.rs:369] Extension connecting.
INFO  2024-09-16T15:26:48.017+00:00 tokio-runtime-worker(ThreadId(2)) [1P:native-messaging/op-native-core-integration/src/lib.rs:371] Extension connection accepted.
WARN  2024-09-16T15:26:48.017+00:00 tokio-runtime-worker(ThreadId(2)) [1P:native-messaging/op-native-core-integration/src/connection_handler.rs:295] browser extension attempted to connect, but only the CLI is currently allowed
ERROR 2024-09-16T15:26:48.017+00:00 tokio-runtime-worker(ThreadId(2)) [1P:native-messaging/op-native-core-integration/src/connection_handler.rs:108] failed to validate NMH request: InvalidClientInfo
ERROR 2024-09-16T15:26:48.017+00:00 tokio-runtime-worker(ThreadId(2)) [1P:native-messaging/op-native-core-integration/src/connection_handler.rs:31] Dropping connection with b5x due to error handling incoming message: InvalidClientInfo
INFO  2024-09-17T15:09:27.360+00:00 tokio-runtime-worker(ThreadId(8)) [1P:native-messaging/op-native-core-integration/src/lib.rs:369] Extension connecting.
INFO  2024-09-17T15:09:27.366+00:00 tokio-runtime-worker(ThreadId(8)) [1P:native-messaging/op-native-core-integration/src/lib.rs:371] Extension connection accepted.
WARN  2024-09-17T15:09:27.375+00:00 tokio-runtime-worker(ThreadId(8)) [1P:native-messaging/op-native-core-integration/src/connection_handler.rs:295] browser extension attempted to connect, but only the CLI is currently allowed
ERROR 2024-09-17T15:09:27.376+00:00 tokio-runtime-worker(ThreadId(8)) [1P:native-messaging/op-native-core-integration/src/connection_handler.rs:108] failed to validate NMH request: InvalidClientInfo
ERROR 2024-09-17T15:09:27.376+00:00 tokio-runtime-worker(ThreadId(8)) [1P:native-messaging/op-native-core-integration/src/connection_handler.rs:31] Dropping connection with b5x due to error handling incoming message: InvalidClientInfo
INFO  2024-09-17T15:09:28.359+00:00 tokio-runtime-worker(ThreadId(8)) [1P:native-messaging/op-native-core-integration/src/lib.rs:369] Extension connecting.
INFO  2024-09-17T15:09:28.359+00:00 tokio-runtime-worker(ThreadId(8)) [1P:native-messaging/op-native-core-integration/src/lib.rs:371] Extension connection accepted.
WARN  2024-09-17T15:09:28.359+00:00 tokio-runtime-worker(ThreadId(8)) [1P:native-messaging/op-native-core-integration/src/connection_handler.rs:295] browser extension attempted to connect, but only the CLI is currently allowed
ERROR 2024-09-17T15:09:28.360+00:00 tokio-runtime-worker(ThreadId(8)) [1P:native-messaging/op-native-core-integration/src/connection_handler.rs:108] failed to validate NMH request: InvalidClientInfo
ERROR 2024-09-17T15:09:28.360+00:00 tokio-runtime-worker(ThreadId(8)) [1P:native-messaging/op-native-core-integration/src/connection_handler.rs:31] Dropping connection with b5x due to error handling incoming message: InvalidClientInfo
INFO  2024-09-17T15:09:31.062+00:00 tokio-runtime-worker(ThreadId(8)) [1P:native-messaging/op-native-core-integration/src/lib.rs:369] Extension connecting.
INFO  2024-09-17T15:09:31.062+00:00 tokio-runtime-worker(ThreadId(8)) [1P:native-messaging/op-native-core-integration/src/lib.rs:371] Extension connection accepted.
WARN  2024-09-17T15:09:31.062+00:00 tokio-runtime-worker(ThreadId(8)) [1P:native-messaging/op-native-core-integration/src/connection_handler.rs:295] browser extension attempted to connect, but only the CLI is currently allowed
ERROR 2024-09-17T15:09:31.062+00:00 tokio-runtime-worker(ThreadId(8)) [1P:native-messaging/op-native-core-integration/src/connection_handler.rs:108] failed to validate NMH request: InvalidClientInfo
ERROR 2024-09-17T15:09:31.062+00:00 tokio-runtime-worker(ThreadId(8)) [1P:native-messaging/op-native-core-integration/src/connection_handler.rs:31] Dropping connection with b5x due to error handling incoming message: InvalidClientInfo
INFO  2024-09-17T15:09:32.064+00:00 tokio-runtime-worker(ThreadId(8)) [1P:native-messaging/op-native-core-integration/src/lib.rs:369] Extension connecting.
INFO  2024-09-17T15:09:32.064+00:00 tokio-runtime-worker(ThreadId(8)) [1P:native-messaging/op-native-core-integration/src/lib.rs:371] Extension connection accepted.
WARN  2024-09-17T15:09:32.065+00:00 tokio-runtime-worker(ThreadId(8)) [1P:native-messaging/op-native-core-integration/src/connection_handler.rs:295] browser extension attempted to connect, but only the CLI is currently allowed
ERROR 2024-09-17T15:09:32.065+00:00 tokio-runtime-worker(ThreadId(8)) [1P:native-messaging/op-native-core-integration/src/connection_handler.rs:108] failed to validate NMH request: InvalidClientInfo
ERROR 2024-09-17T15:09:32.065+00:00 tokio-runtime-worker(ThreadId(8)) [1P:native-messaging/op-native-core-integration/src/connection_handler.rs:31] Dropping connection with b5x due to error handling incoming message: InvalidClientInfo
INFO  2024-09-17T15:09:39.946+00:00 tokio-runtime-worker(ThreadId(8)) [1P:native-messaging/op-native-core-integration/src/lib.rs:369] Extension connecting.
INFO  2024-09-17T15:09:39.946+00:00 tokio-runtime-worker(ThreadId(8)) [1P:native-messaging/op-native-core-integration/src/lib.rs:371] Extension connection accepted.
WARN  2024-09-17T15:09:39.947+00:00 tokio-runtime-worker(ThreadId(8)) [1P:native-messaging/op-native-core-integration/src/connection_handler.rs:295] browser extension attempted to connect, but only the CLI is currently allowed
ERROR 2024-09-17T15:09:39.947+00:00 tokio-runtime-worker(ThreadId(8)) [1P:native-messaging/op-native-core-integration/src/connection_handler.rs:108] failed to validate NMH request: InvalidClientInfo
ERROR 2024-09-17T15:09:39.947+00:00 tokio-runtime-worker(ThreadId(8)) [1P:native-messaging/op-native-core-integration/src/connection_handler.rs:31] Dropping connection with b5x due to error handling incoming message: InvalidClientInfo
INFO  2024-09-17T15:09:40.948+00:00 tokio-runtime-worker(ThreadId(8)) [1P:native-messaging/op-native-core-integration/src/lib.rs:369] Extension connecting.
INFO  2024-09-17T15:09:40.953+00:00 tokio-runtime-worker(ThreadId(8)) [1P:native-messaging/op-native-core-integration/src/lib.rs:371] Extension connection accepted.
WARN  2024-09-17T15:09:40.953+00:00 tokio-runtime-worker(ThreadId(8)) [1P:native-messaging/op-native-core-integration/src/connection_handler.rs:295] browser extension attempted to connect, but only the CLI is currently allowed
ERROR 2024-09-17T15:09:40.953+00:00 tokio-runtime-worker(ThreadId(8)) [1P:native-messaging/op-native-core-integration/src/connection_handler.rs:108] failed to validate NMH request: InvalidClientInfo
ERROR 2024-09-17T15:09:40.953+00:00 tokio-runtime-worker(ThreadId(8)) [1P:native-messaging/op-native-core-integration/src/connection_handler.rs:31] Dropping connection with b5x due to error handling incoming message: InvalidClientInfo
INFO  2024-09-17T15:10:02.690+00:00 tokio-runtime-worker(ThreadId(8)) [1P:native-messaging/op-native-core-integration/src/lib.rs:369] Extension connecting.
INFO  2024-09-17T15:10:02.690+00:00 tokio-runtime-worker(ThreadId(8)) [1P:native-messaging/op-native-core-integration/src/lib.rs:371] Extension connection accepted.
WARN  2024-09-17T15:10:02.690+00:00 tokio-runtime-worker(ThreadId(8)) [1P:native-messaging/op-native-core-integration/src/connection_handler.rs:295] browser extension attempted to connect, but only the CLI is currently allowed
ERROR 2024-09-17T15:10:02.690+00:00 tokio-runtime-worker(ThreadId(8)) [1P:native-messaging/op-native-core-integration/src/connection_handler.rs:108] failed to validate NMH request: InvalidClientInfo
ERROR 2024-09-17T15:10:02.690+00:00 tokio-runtime-worker(ThreadId(8)) [1P:native-messaging/op-native-core-integration/src/connection_handler.rs:31] Dropping connection with b5x due to error handling incoming message: InvalidClientInfo
INFO  2024-09-17T15:10:03.693+00:00 tokio-runtime-worker(ThreadId(8)) [1P:native-messaging/op-native-core-integration/src/lib.rs:369] Extension connecting.
INFO  2024-09-17T15:10:03.693+00:00 tokio-runtime-worker(ThreadId(8)) [1P:native-messaging/op-native-core-integration/src/lib.rs:371] Extension connection accepted.
WARN  2024-09-17T15:10:03.693+00:00 tokio-runtime-worker(ThreadId(8)) [1P:native-messaging/op-native-core-integration/src/connection_handler.rs:295] browser extension attempted to connect, but only the CLI is currently allowed
ERROR 2024-09-17T15:10:03.693+00:00 tokio-runtime-worker(ThreadId(8)) [1P:native-messaging/op-native-core-integration/src/connection_handler.rs:108] failed to validate NMH request: InvalidClientInfo
ERROR 2024-09-17T15:10:03.693+00:00 tokio-runtime-worker(ThreadId(8)) [1P:native-messaging/op-native-core-integration/src/connection_handler.rs:31] Dropping connection with b5x due to error handling incoming message: InvalidClientInfo
INFO  2024-09-17T15:11:03.193+00:00 tokio-runtime-worker(ThreadId(8)) [1P:native-messaging/op-native-core-integration/src/lib.rs:369] Extension connecting.
INFO  2024-09-17T15:11:03.193+00:00 tokio-runtime-worker(ThreadId(8)) [1P:native-messaging/op-native-core-integration/src/lib.rs:371] Extension connection accepted.
WARN  2024-09-17T15:11:03.194+00:00 tokio-runtime-worker(ThreadId(8)) [1P:native-messaging/op-native-core-integration/src/connection_handler.rs:295] browser extension attempted to connect, but only the CLI is currently allowed
ERROR 2024-09-17T15:11:03.194+00:00 tokio-runtime-worker(ThreadId(8)) [1P:native-messaging/op-native-core-integration/src/connection_handler.rs:108] failed to validate NMH request: InvalidClientInfo
ERROR 2024-09-17T15:11:03.194+00:00 tokio-runtime-worker(ThreadId(8)) [1P:native-messaging/op-native-core-integration/src/connection_handler.rs:31] Dropping connection with b5x due to error handling incoming message: InvalidClientInfo
INFO  2024-09-17T15:11:04.195+00:00 tokio-runtime-worker(ThreadId(8)) [1P:native-messaging/op-native-core-integration/src/lib.rs:369] Extension connecting.
INFO  2024-09-17T15:11:04.195+00:00 tokio-runtime-worker(ThreadId(8)) [1P:native-messaging/op-native-core-integration/src/lib.rs:371] Extension connection accepted.
WARN  2024-09-17T15:11:04.195+00:00 tokio-runtime-worker(ThreadId(8)) [1P:native-messaging/op-native-core-integration/src/connection_handler.rs:295] browser extension attempted to connect, but only the CLI is currently allowed
ERROR 2024-09-17T15:11:04.195+00:00 tokio-runtime-worker(ThreadId(8)) [1P:native-messaging/op-native-core-integration/src/connection_handler.rs:108] failed to validate NMH request: InvalidClientInfo
ERROR 2024-09-17T15:11:04.195+00:00 tokio-runtime-worker(ThreadId(8)) [1P:native-messaging/op-native-core-integration/src/connection_handler.rs:31] Dropping connection with b5x due to error handling incoming message: InvalidClientInfo
INFO  2024-09-17T15:11:14.610+00:00 tokio-runtime-worker(ThreadId(8)) [1P:native-messaging/op-native-core-integration/src/lib.rs:369] Extension connecting.
INFO  2024-09-17T15:11:14.611+00:00 tokio-runtime-worker(ThreadId(8)) [1P:native-messaging/op-native-core-integration/src/lib.rs:371] Extension connection accepted.
WARN  2024-09-17T15:11:14.615+00:00 tokio-runtime-worker(ThreadId(8)) [1P:native-messaging/op-native-core-integration/src/connection_handler.rs:295] browser extension attempted to connect, but only the CLI is currently allowed
ERROR 2024-09-17T15:11:14.617+00:00 tokio-runtime-worker(ThreadId(8)) [1P:native-messaging/op-native-core-integration/src/connection_handler.rs:108] failed to validate NMH request: InvalidClientInfo
ERROR 2024-09-17T15:11:14.617+00:00 tokio-runtime-worker(ThreadId(8)) [1P:native-messaging/op-native-core-integration/src/connection_handler.rs:31] Dropping connection with b5x due to error handling incoming message: InvalidClientInfo
INFO  2024-09-17T15:11:15.612+00:00 tokio-runtime-worker(ThreadId(8)) [1P:native-messaging/op-native-core-integration/src/lib.rs:369] Extension connecting.
INFO  2024-09-17T15:11:15.612+00:00 tokio-runtime-worker(ThreadId(8)) [1P:native-messaging/op-native-core-integration/src/lib.rs:371] Extension connection accepted.
WARN  2024-09-17T15:11:15.612+00:00 tokio-runtime-worker(ThreadId(8)) [1P:native-messaging/op-native-core-integration/src/connection_handler.rs:295] browser extension attempted to connect, but only the CLI is currently allowed
ERROR 2024-09-17T15:11:15.612+00:00 tokio-runtime-worker(ThreadId(8)) [1P:native-messaging/op-native-core-integration/src/connection_handler.rs:108] failed to validate NMH request: InvalidClientInfo
ERROR 2024-09-17T15:11:15.612+00:00 tokio-runtime-worker(ThreadId(8)) [1P:native-messaging/op-native-core-integration/src/connection_handler.rs:31] Dropping connection with b5x due to error handling incoming message: InvalidClientInfo
INFO  2024-09-17T15:11:17.611+00:00 tokio-runtime-worker(ThreadId(8)) [1P:native-messaging/op-native-core-integration/src/lib.rs:369] Extension connecting.
INFO  2024-09-17T15:11:17.611+00:00 tokio-runtime-worker(ThreadId(8)) [1P:native-messaging/op-native-core-integration/src/lib.rs:371] Extension connection accepted.
WARN  2024-09-17T15:11:17.620+00:00 tokio-runtime-worker(ThreadId(8)) [1P:native-messaging/op-native-core-integration/src/connection_handler.rs:295] browser extension attempted to connect, but only the CLI is currently allowed
ERROR 2024-09-17T15:11:17.620+00:00 tokio-runtime-worker(ThreadId(8)) [1P:native-messaging/op-native-core-integration/src/connection_handler.rs:108] failed to validate NMH request: InvalidClientInfo
ERROR 2024-09-17T15:11:17.620+00:00 tokio-runtime-worker(ThreadId(8)) [1P:native-messaging/op-native-core-integration/src/connection_handler.rs:31] Dropping connection with b5x due to error handling incoming message: InvalidClientInfo
INFO  2024-09-17T15:11:18.613+00:00 tokio-runtime-worker(ThreadId(8)) [1P:native-messaging/op-native-core-integration/src/lib.rs:369] Extension connecting.
INFO  2024-09-17T15:11:18.613+00:00 tokio-runtime-worker(ThreadId(8)) [1P:native-messaging/op-native-core-integration/src/lib.rs:371] Extension connection accepted.
WARN  2024-09-17T15:11:18.613+00:00 tokio-runtime-worker(ThreadId(8)) [1P:native-messaging/op-native-core-integration/src/connection_handler.rs:295] browser extension attempted to connect, but only the CLI is currently allowed
ERROR 2024-09-17T15:11:18.613+00:00 tokio-runtime-worker(ThreadId(8)) [1P:native-messaging/op-native-core-integration/src/connection_handler.rs:108] failed to validate NMH request: InvalidClientInfo
ERROR 2024-09-17T15:11:18.613+00:00 tokio-runtime-worker(ThreadId(8)) [1P:native-messaging/op-native-core-integration/src/connection_handler.rs:31] Dropping connection with b5x due to error handling incoming message: InvalidClientInfo
INFO  2024-09-17T15:11:26.955+00:00 tokio-runtime-worker(ThreadId(8)) [1P:native-messaging/op-native-core-integration/src/lib.rs:369] Extension connecting.
INFO  2024-09-17T15:11:26.955+00:00 tokio-runtime-worker(ThreadId(8)) [1P:native-messaging/op-native-core-integration/src/lib.rs:371] Extension connection accepted.
WARN  2024-09-17T15:11:26.958+00:00 tokio-runtime-worker(ThreadId(8)) [1P:native-messaging/op-native-core-integration/src/connection_handler.rs:295] browser extension attempted to connect, but only the CLI is currently allowed
ERROR 2024-09-17T15:11:26.958+00:00 tokio-runtime-worker(ThreadId(8)) [1P:native-messaging/op-native-core-integration/src/connection_handler.rs:108] failed to validate NMH request: InvalidClientInfo
ERROR 2024-09-17T15:11:26.958+00:00 tokio-runtime-worker(ThreadId(8)) [1P:native-messaging/op-native-core-integration/src/connection_handler.rs:31] Dropping connection with b5x due to error handling incoming message: InvalidClientInfo
INFO  2024-09-17T15:11:27.957+00:00 tokio-runtime-worker(ThreadId(8)) [1P:native-messaging/op-native-core-integration/src/lib.rs:369] Extension connecting.
INFO  2024-09-17T15:11:27.957+00:00 tokio-runtime-worker(ThreadId(8)) [1P:native-messaging/op-native-core-integration/src/lib.rs:371] Extension connection accepted.
WARN  2024-09-17T15:11:27.958+00:00 tokio-runtime-worker(ThreadId(8)) [1P:native-messaging/op-native-core-integration/src/connection_handler.rs:295] browser extension attempted to connect, but only the CLI is currently allowed
ERROR 2024-09-17T15:11:27.958+00:00 tokio-runtime-worker(ThreadId(8)) [1P:native-messaging/op-native-core-integration/src/connection_handler.rs:108] failed to validate NMH request: InvalidClientInfo
ERROR 2024-09-17T15:11:27.958+00:00 tokio-runtime-worker(ThreadId(8)) [1P:native-messaging/op-native-core-integration/src/connection_handler.rs:31] Dropping connection with b5x due to error handling incoming message: InvalidClientInfo
INFO  2024-09-17T15:17:00.022+00:00 tokio-runtime-worker(ThreadId(8)) [1P:native-messaging/op-native-core-integration/src/lib.rs:369] Extension connecting.
INFO  2024-09-17T15:17:00.025+00:00 tokio-runtime-worker(ThreadId(8)) [1P:native-messaging/op-native-core-integration/src/lib.rs:371] Extension connection accepted.
WARN  2024-09-17T15:17:00.028+00:00 tokio-runtime-worker(ThreadId(8)) [1P:native-messaging/op-native-core-integration/src/connection_handler.rs:295] browser extension attempted to connect, but only the CLI is currently allowed
ERROR 2024-09-17T15:17:00.028+00:00 tokio-runtime-worker(ThreadId(8)) [1P:native-messaging/op-native-core-integration/src/connection_handler.rs:108] failed to validate NMH request: InvalidClientInfo
ERROR 2024-09-17T15:17:00.028+00:00 tokio-runtime-worker(ThreadId(8)) [1P:native-messaging/op-native-core-integration/src/connection_handler.rs:31] Dropping connection with b5x due to error handling incoming message: InvalidClientInfo
INFO  2024-09-17T15:17:01.022+00:00 tokio-runtime-worker(ThreadId(8)) [1P:native-messaging/op-native-core-integration/src/lib.rs:369] Extension connecting.
INFO  2024-09-17T15:17:01.022+00:00 tokio-runtime-worker(ThreadId(8)) [1P:native-messaging/op-native-core-integration/src/lib.rs:371] Extension connection accepted.
WARN  2024-09-17T15:17:01.022+00:00 tokio-runtime-worker(ThreadId(8)) [1P:native-messaging/op-native-core-integration/src/connection_handler.rs:295] browser extension attempted to connect, but only the CLI is currently allowed
ERROR 2024-09-17T15:17:01.023+00:00 tokio-runtime-worker(ThreadId(8)) [1P:native-messaging/op-native-core-integration/src/connection_handler.rs:108] failed to validate NMH request: InvalidClientInfo
ERROR 2024-09-17T15:17:01.023+00:00 tokio-runtime-worker(ThreadId(8)) [1P:native-messaging/op-native-core-integration/src/connection_handler.rs:31] Dropping connection with b5x due to error handling incoming message: InvalidClientInfo
INFO  2024-09-17T15:23:56.156+00:00 tokio-runtime-worker(ThreadId(1)) [1P:native-messaging/op-native-core-integration/src/lib.rs:369] Extension connecting.
INFO  2024-09-17T15:23:56.163+00:00 tokio-runtime-worker(ThreadId(1)) [1P:native-messaging/op-native-core-integration/src/lib.rs:371] Extension connection accepted.
WARN  2024-09-17T15:23:56.166+00:00 tokio-runtime-worker(ThreadId(1)) [1P:native-messaging/op-native-core-integration/src/connection_handler.rs:295] browser extension attempted to connect, but only the CLI is currently allowed
ERROR 2024-09-17T15:23:56.166+00:00 tokio-runtime-worker(ThreadId(1)) [1P:native-messaging/op-native-core-integration/src/connection_handler.rs:108] failed to validate NMH request: InvalidClientInfo
ERROR 2024-09-17T15:23:56.167+00:00 tokio-runtime-worker(ThreadId(1)) [1P:native-messaging/op-native-core-integration/src/connection_handler.rs:31] Dropping connection with b5x due to error handling incoming message: InvalidClientInfo
INFO  2024-09-17T15:23:57.156+00:00 tokio-runtime-worker(ThreadId(1)) [1P:native-messaging/op-native-core-integration/src/lib.rs:369] Extension connecting.
INFO  2024-09-17T15:23:57.156+00:00 tokio-runtime-worker(ThreadId(1)) [1P:native-messaging/op-native-core-integration/src/lib.rs:371] Extension connection accepted.
WARN  2024-09-17T15:23:57.156+00:00 tokio-runtime-worker(ThreadId(1)) [1P:native-messaging/op-native-core-integration/src/connection_handler.rs:295] browser extension attempted to connect, but only the CLI is currently allowed
ERROR 2024-09-17T15:23:57.156+00:00 tokio-runtime-worker(ThreadId(1)) [1P:native-messaging/op-native-core-integration/src/connection_handler.rs:108] failed to validate NMH request: InvalidClientInfo
ERROR 2024-09-17T15:23:57.156+00:00 tokio-runtime-worker(ThreadId(1)) [1P:native-messaging/op-native-core-integration/src/connection_handler.rs:31] Dropping connection with b5x due to error handling incoming message: InvalidClientInfo
INFO  2024-09-17T16:08:57.985+00:00 tokio-runtime-worker(ThreadId(1)) [1P:native-messaging/op-native-core-integration/src/lib.rs:369] Extension connecting.
INFO  2024-09-17T16:08:57.988+00:00 tokio-runtime-worker(ThreadId(1)) [1P:native-messaging/op-native-core-integration/src/lib.rs:371] Extension connection accepted.
WARN  2024-09-17T16:08:57.991+00:00 tokio-runtime-worker(ThreadId(1)) [1P:native-messaging/op-native-core-integration/src/connection_handler.rs:295] browser extension attempted to connect, but only the CLI is currently allowed
ERROR 2024-09-17T16:08:57.991+00:00 tokio-runtime-worker(ThreadId(1)) [1P:native-messaging/op-native-core-integration/src/connection_handler.rs:108] failed to validate NMH request: InvalidClientInfo
ERROR 2024-09-17T16:08:57.991+00:00 tokio-runtime-worker(ThreadId(1)) [1P:native-messaging/op-native-core-integration/src/connection_handler.rs:31] Dropping connection with b5x due to error handling incoming message: InvalidClientInfo
INFO  2024-09-17T16:08:58.985+00:00 tokio-runtime-worker(ThreadId(1)) [1P:native-messaging/op-native-core-integration/src/lib.rs:369] Extension connecting.
INFO  2024-09-17T16:08:58.985+00:00 tokio-runtime-worker(ThreadId(1)) [1P:native-messaging/op-native-core-integration/src/lib.rs:371] Extension connection accepted.
WARN  2024-09-17T16:08:58.986+00:00 tokio-runtime-worker(ThreadId(1)) [1P:native-messaging/op-native-core-integration/src/connection_handler.rs:295] browser extension attempted to connect, but only the CLI is currently allowed
ERROR 2024-09-17T16:08:58.986+00:00 tokio-runtime-worker(ThreadId(1)) [1P:native-messaging/op-native-core-integration/src/connection_handler.rs:108] failed to validate NMH request: InvalidClientInfo
ERROR 2024-09-17T16:08:58.986+00:00 tokio-runtime-worker(ThreadId(1)) [1P:native-messaging/op-native-core-integration/src/connection_handler.rs:31] Dropping connection with b5x due to error handling incoming message: InvalidClientInfo
INFO  2024-09-17T16:09:01.861+00:00 tokio-runtime-worker(ThreadId(1)) [1P:native-messaging/op-native-core-integration/src/lib.rs:369] Extension connecting.
INFO  2024-09-17T16:09:01.861+00:00 tokio-runtime-worker(ThreadId(1)) [1P:native-messaging/op-native-core-integration/src/lib.rs:371] Extension connection accepted.
WARN  2024-09-17T16:09:01.861+00:00 tokio-runtime-worker(ThreadId(1)) [1P:native-messaging/op-native-core-integration/src/connection_handler.rs:295] browser extension attempted to connect, but only the CLI is currently allowed
ERROR 2024-09-17T16:09:01.862+00:00 tokio-runtime-worker(ThreadId(1)) [1P:native-messaging/op-native-core-integration/src/connection_handler.rs:108] failed to validate NMH request: InvalidClientInfo
ERROR 2024-09-17T16:09:01.862+00:00 tokio-runtime-worker(ThreadId(1)) [1P:native-messaging/op-native-core-integration/src/connection_handler.rs:31] Dropping connection with b5x due to error handling incoming message: InvalidClientInfo
INFO  2024-09-17T16:09:02.863+00:00 tokio-runtime-worker(ThreadId(1)) [1P:native-messaging/op-native-core-integration/src/lib.rs:369] Extension connecting.
INFO  2024-09-17T16:09:02.863+00:00 tokio-runtime-worker(ThreadId(1)) [1P:native-messaging/op-native-core-integration/src/lib.rs:371] Extension connection accepted.
WARN  2024-09-17T16:09:02.864+00:00 tokio-runtime-worker(ThreadId(1)) [1P:native-messaging/op-native-core-integration/src/connection_handler.rs:295] browser extension attempted to connect, but only the CLI is currently allowed
ERROR 2024-09-17T16:09:02.864+00:00 tokio-runtime-worker(ThreadId(1)) [1P:native-messaging/op-native-core-integration/src/connection_handler.rs:108] failed to validate NMH request: InvalidClientInfo
ERROR 2024-09-17T16:09:02.864+00:00 tokio-runtime-worker(ThreadId(1)) [1P:native-messaging/op-native-core-integration/src/connection_handler.rs:31] Dropping connection with b5x due to error handling incoming message: InvalidClientInfo
INFO  2024-09-17T16:20:19.144+00:00 tokio-runtime-worker(ThreadId(2)) [1P:native-messaging/op-native-core-integration/src/lib.rs:369] Extension connecting.
INFO  2024-09-17T16:20:19.145+00:00 tokio-runtime-worker(ThreadId(2)) [1P:native-messaging/op-native-core-integration/src/lib.rs:371] Extension connection accepted.
WARN  2024-09-17T16:20:19.148+00:00 tokio-runtime-worker(ThreadId(2)) [1P:native-messaging/op-native-core-integration/src/connection_handler.rs:295] browser extension attempted to connect, but only the CLI is currently allowed
ERROR 2024-09-17T16:20:19.148+00:00 tokio-runtime-worker(ThreadId(2)) [1P:native-messaging/op-native-core-integration/src/connection_handler.rs:108] failed to validate NMH request: InvalidClientInfo
ERROR 2024-09-17T16:20:19.148+00:00 tokio-runtime-worker(ThreadId(2)) [1P:native-messaging/op-native-core-integration/src/connection_handler.rs:31] Dropping connection with b5x due to error handling incoming message: InvalidClientInfo
INFO  2024-09-17T16:20:20.144+00:00 tokio-runtime-worker(ThreadId(2)) [1P:native-messaging/op-native-core-integration/src/lib.rs:369] Extension connecting.
INFO  2024-09-17T16:20:20.144+00:00 tokio-runtime-worker(ThreadId(2)) [1P:native-messaging/op-native-core-integration/src/lib.rs:371] Extension connection accepted.
WARN  2024-09-17T16:20:20.144+00:00 tokio-runtime-worker(ThreadId(2)) [1P:native-messaging/op-native-core-integration/src/connection_handler.rs:295] browser extension attempted to connect, but only the CLI is currently allowed
ERROR 2024-09-17T16:20:20.144+00:00 tokio-runtime-worker(ThreadId(2)) [1P:native-messaging/op-native-core-integration/src/connection_handler.rs:108] failed to validate NMH request: InvalidClientInfo
ERROR 2024-09-17T16:20:20.144+00:00 tokio-runtime-worker(ThreadId(2)) [1P:native-messaging/op-native-core-integration/src/connection_handler.rs:31] Dropping connection with b5x due to error handling incoming message: InvalidClientInfo
INFO  2024-09-17T16:21:10.048+00:00 tokio-runtime-worker(ThreadId(2)) [1P:native-messaging/op-native-core-integration/src/lib.rs:369] Extension connecting.
INFO  2024-09-17T16:21:10.052+00:00 tokio-runtime-worker(ThreadId(2)) [1P:native-messaging/op-native-core-integration/src/lib.rs:371] Extension connection accepted.
WARN  2024-09-17T16:21:10.053+00:00 tokio-runtime-worker(ThreadId(2)) [1P:native-messaging/op-native-core-integration/src/connection_handler.rs:295] browser extension attempted to connect, but only the CLI is currently allowed
ERROR 2024-09-17T16:21:10.053+00:00 tokio-runtime-worker(ThreadId(2)) [1P:native-messaging/op-native-core-integration/src/connection_handler.rs:108] failed to validate NMH request: InvalidClientInfo
ERROR 2024-09-17T16:21:10.053+00:00 tokio-runtime-worker(ThreadId(2)) [1P:native-messaging/op-native-core-integration/src/connection_handler.rs:31] Dropping connection with b5x due to error handling incoming message: InvalidClientInfo
INFO  2024-09-17T16:21:11.050+00:00 tokio-runtime-worker(ThreadId(2)) [1P:native-messaging/op-native-core-integration/src/lib.rs:369] Extension connecting.
INFO  2024-09-17T16:21:11.050+00:00 tokio-runtime-worker(ThreadId(2)) [1P:native-messaging/op-native-core-integration/src/lib.rs:371] Extension connection accepted.
WARN  2024-09-17T16:21:11.050+00:00 tokio-runtime-worker(ThreadId(2)) [1P:native-messaging/op-native-core-integration/src/connection_handler.rs:295] browser extension attempted to connect, but only the CLI is currently allowed
ERROR 2024-09-17T16:21:11.051+00:00 tokio-runtime-worker(ThreadId(2)) [1P:native-messaging/op-native-core-integration/src/connection_handler.rs:108] failed to validate NMH request: InvalidClientInfo
ERROR 2024-09-17T16:21:11.051+00:00 tokio-runtime-worker(ThreadId(2)) [1P:native-messaging/op-native-core-integration/src/connection_handler.rs:31] Dropping connection with b5x due to error handling incoming message: InvalidClientInfo
INFO  2024-09-17T16:21:13.783+00:00 tokio-runtime-worker(ThreadId(2)) [1P:native-messaging/op-native-core-integration/src/lib.rs:369] Extension connecting.
INFO  2024-09-17T16:21:13.783+00:00 tokio-runtime-worker(ThreadId(2)) [1P:native-messaging/op-native-core-integration/src/lib.rs:371] Extension connection accepted.
WARN  2024-09-17T16:21:13.784+00:00 tokio-runtime-worker(ThreadId(2)) [1P:native-messaging/op-native-core-integration/src/connection_handler.rs:295] browser extension attempted to connect, but only the CLI is currently allowed
ERROR 2024-09-17T16:21:13.784+00:00 tokio-runtime-worker(ThreadId(2)) [1P:native-messaging/op-native-core-integration/src/connection_handler.rs:108] failed to validate NMH request: InvalidClientInfo
ERROR 2024-09-17T16:21:13.784+00:00 tokio-runtime-worker(ThreadId(2)) [1P:native-messaging/op-native-core-integration/src/connection_handler.rs:31] Dropping connection with b5x due to error handling incoming message: InvalidClientInfo
INFO  2024-09-17T16:21:14.785+00:00 tokio-runtime-worker(ThreadId(2)) [1P:native-messaging/op-native-core-integration/src/lib.rs:369] Extension connecting.
INFO  2024-09-17T16:21:14.785+00:00 tokio-runtime-worker(ThreadId(2)) [1P:native-messaging/op-native-core-integration/src/lib.rs:371] Extension connection accepted.
WARN  2024-09-17T16:21:14.785+00:00 tokio-runtime-worker(ThreadId(2)) [1P:native-messaging/op-native-core-integration/src/connection_handler.rs:295] browser extension attempted to connect, but only the CLI is currently allowed
ERROR 2024-09-17T16:21:14.786+00:00 tokio-runtime-worker(ThreadId(2)) [1P:native-messaging/op-native-core-integration/src/connection_handler.rs:108] failed to validate NMH request: InvalidClientInfo
ERROR 2024-09-17T16:21:14.786+00:00 tokio-runtime-worker(ThreadId(2)) [1P:native-messaging/op-native-core-integration/src/connection_handler.rs:31] Dropping connection with b5x due to error handling incoming message: InvalidClientInfo
INFO  2024-09-17T16:26:52.019+00:00 tokio-runtime-worker(ThreadId(2)) [1P:native-messaging/op-native-core-integration/src/lib.rs:369] Extension connecting.
INFO  2024-09-17T16:26:52.024+00:00 tokio-runtime-worker(ThreadId(2)) [1P:native-messaging/op-native-core-integration/src/lib.rs:371] Extension connection accepted.
WARN  2024-09-17T16:26:52.038+00:00 tokio-runtime-worker(ThreadId(2)) [1P:native-messaging/op-native-core-integration/src/connection_handler.rs:295] browser extension attempted to connect, but only the CLI is currently allowed
ERROR 2024-09-17T16:26:52.040+00:00 tokio-runtime-worker(ThreadId(2)) [1P:native-messaging/op-native-core-integration/src/connection_handler.rs:108] failed to validate NMH request: InvalidClientInfo
ERROR 2024-09-17T16:26:52.041+00:00 tokio-runtime-worker(ThreadId(2)) [1P:native-messaging/op-native-core-integration/src/connection_handler.rs:31] Dropping connection with b5x due to error handling incoming message: InvalidClientInfo
INFO  2024-09-17T16:26:53.018+00:00 tokio-runtime-worker(ThreadId(2)) [1P:native-messaging/op-native-core-integration/src/lib.rs:369] Extension connecting.
INFO  2024-09-17T16:26:53.018+00:00 tokio-runtime-worker(ThreadId(2)) [1P:native-messaging/op-native-core-integration/src/lib.rs:371] Extension connection accepted.
WARN  2024-09-17T16:26:53.019+00:00 tokio-runtime-worker(ThreadId(2)) [1P:native-messaging/op-native-core-integration/src/connection_handler.rs:295] browser extension attempted to connect, but only the CLI is currently allowed
ERROR 2024-09-17T16:26:53.019+00:00 tokio-runtime-worker(ThreadId(2)) [1P:native-messaging/op-native-core-integration/src/connection_handler.rs:108] failed to validate NMH request: InvalidClientInfo
ERROR 2024-09-17T16:26:53.019+00:00 tokio-runtime-worker(ThreadId(2)) [1P:native-messaging/op-native-core-integration/src/connection_handler.rs:31] Dropping connection with b5x due to error handling incoming message: InvalidClientInfo
INFO  2024-09-17T16:35:49.476+00:00 tokio-runtime-worker(ThreadId(2)) [1P:native-messaging/op-native-core-integration/src/lib.rs:369] Extension connecting.
INFO  2024-09-17T16:35:49.481+00:00 tokio-runtime-worker(ThreadId(2)) [1P:native-messaging/op-native-core-integration/src/lib.rs:371] Extension connection accepted.
WARN  2024-09-17T16:35:49.486+00:00 tokio-runtime-worker(ThreadId(2)) [1P:native-messaging/op-native-core-integration/src/connection_handler.rs:295] browser extension attempted to connect, but only the CLI is currently allowed
ERROR 2024-09-17T16:35:49.486+00:00 tokio-runtime-worker(ThreadId(2)) [1P:native-messaging/op-native-core-integration/src/connection_handler.rs:108] failed to validate NMH request: InvalidClientInfo
ERROR 2024-09-17T16:35:49.486+00:00 tokio-runtime-worker(ThreadId(2)) [1P:native-messaging/op-native-core-integration/src/connection_handler.rs:31] Dropping connection with b5x due to error handling incoming message: InvalidClientInfo
INFO  2024-09-17T16:35:50.480+00:00 tokio-runtime-worker(ThreadId(2)) [1P:native-messaging/op-native-core-integration/src/lib.rs:369] Extension connecting.
INFO  2024-09-17T16:35:50.480+00:00 tokio-runtime-worker(ThreadId(2)) [1P:native-messaging/op-native-core-integration/src/lib.rs:371] Extension connection accepted.
WARN  2024-09-17T16:35:50.481+00:00 tokio-runtime-worker(ThreadId(2)) [1P:native-messaging/op-native-core-integration/src/connection_handler.rs:295] browser extension attempted to connect, but only the CLI is currently allowed
ERROR 2024-09-17T16:35:50.481+00:00 tokio-runtime-worker(ThreadId(2)) [1P:native-messaging/op-native-core-integration/src/connection_handler.rs:108] failed to validate NMH request: InvalidClientInfo
ERROR 2024-09-17T16:35:50.481+00:00 tokio-runtime-worker(ThreadId(2)) [1P:native-messaging/op-native-core-integration/src/connection_handler.rs:31] Dropping connection with b5x due to error handling incoming message: InvalidClientInfo
INFO  2024-09-17T16:35:52.596+00:00 tokio-runtime-worker(ThreadId(2)) [1P:native-messaging/op-native-core-integration/src/lib.rs:369] Extension connecting.
INFO  2024-09-17T16:35:52.596+00:00 tokio-runtime-worker(ThreadId(2)) [1P:native-messaging/op-native-core-integration/src/lib.rs:371] Extension connection accepted.
WARN  2024-09-17T16:35:52.596+00:00 tokio-runtime-worker(ThreadId(2)) [1P:native-messaging/op-native-core-integration/src/connection_handler.rs:295] browser extension attempted to connect, but only the CLI is currently allowed
ERROR 2024-09-17T16:35:52.596+00:00 tokio-runtime-worker(ThreadId(2)) [1P:native-messaging/op-native-core-integration/src/connection_handler.rs:108] failed to validate NMH request: InvalidClientInfo
ERROR 2024-09-17T16:35:52.596+00:00 tokio-runtime-worker(ThreadId(2)) [1P:native-messaging/op-native-core-integration/src/connection_handler.rs:31] Dropping connection with b5x due to error handling incoming message: InvalidClientInfo
INFO  2024-09-17T16:35:53.598+00:00 tokio-runtime-worker(ThreadId(2)) [1P:native-messaging/op-native-core-integration/src/lib.rs:369] Extension connecting.
INFO  2024-09-17T16:35:53.598+00:00 tokio-runtime-worker(ThreadId(2)) [1P:native-messaging/op-native-core-integration/src/lib.rs:371] Extension connection accepted.
WARN  2024-09-17T16:35:53.598+00:00 tokio-runtime-worker(ThreadId(2)) [1P:native-messaging/op-native-core-integration/src/connection_handler.rs:295] browser extension attempted to connect, but only the CLI is currently allowed
ERROR 2024-09-17T16:35:53.598+00:00 tokio-runtime-worker(ThreadId(2)) [1P:native-messaging/op-native-core-integration/src/connection_handler.rs:108] failed to validate NMH request: InvalidClientInfo
ERROR 2024-09-17T16:35:53.598+00:00 tokio-runtime-worker(ThreadId(2)) [1P:native-messaging/op-native-core-integration/src/connection_handler.rs:31] Dropping connection with b5x due to error handling incoming message: InvalidClientInfo
INFO  2024-09-17T16:40:59.272+00:00 tokio-runtime-worker(ThreadId(2)) [1P:native-messaging/op-native-core-integration/src/lib.rs:369] Extension connecting.
INFO  2024-09-17T16:40:59.275+00:00 tokio-runtime-worker(ThreadId(2)) [1P:native-messaging/op-native-core-integration/src/lib.rs:371] Extension connection accepted.
WARN  2024-09-17T16:40:59.278+00:00 tokio-runtime-worker(ThreadId(2)) [1P:native-messaging/op-native-core-integration/src/connection_handler.rs:295] browser extension attempted to connect, but only the CLI is currently allowed
ERROR 2024-09-17T16:40:59.278+00:00 tokio-runtime-worker(ThreadId(2)) [1P:native-messaging/op-native-core-integration/src/connection_handler.rs:108] failed to validate NMH request: InvalidClientInfo
ERROR 2024-09-17T16:40:59.278+00:00 tokio-runtime-worker(ThreadId(2)) [1P:native-messaging/op-native-core-integration/src/connection_handler.rs:31] Dropping connection with b5x due to error handling incoming message: InvalidClientInfo
INFO  2024-09-17T16:41:00.272+00:00 tokio-runtime-worker(ThreadId(2)) [1P:native-messaging/op-native-core-integration/src/lib.rs:369] Extension connecting.
INFO  2024-09-17T16:41:00.272+00:00 tokio-runtime-worker(ThreadId(2)) [1P:native-messaging/op-native-core-integration/src/lib.rs:371] Extension connection accepted.
WARN  2024-09-17T16:41:00.273+00:00 tokio-runtime-worker(ThreadId(2)) [1P:native-messaging/op-native-core-integration/src/connection_handler.rs:295] browser extension attempted to connect, but only the CLI is currently allowed
ERROR 2024-09-17T16:41:00.273+00:00 tokio-runtime-worker(ThreadId(2)) [1P:native-messaging/op-native-core-integration/src/connection_handler.rs:108] failed to validate NMH request: InvalidClientInfo
ERROR 2024-09-17T16:41:00.273+00:00 tokio-runtime-worker(ThreadId(2)) [1P:native-messaging/op-native-core-integration/src/connection_handler.rs:31] Dropping connection with b5x due to error handling incoming message: InvalidClientInfo
INFO  2024-09-17T17:21:37.949+00:00 tokio-runtime-worker(ThreadId(1)) [1P:native-messaging/op-native-core-integration/src/lib.rs:369] Extension connecting.
INFO  2024-09-17T17:21:37.956+00:00 tokio-runtime-worker(ThreadId(1)) [1P:native-messaging/op-native-core-integration/src/lib.rs:371] Extension connection accepted.
WARN  2024-09-17T17:21:37.968+00:00 tokio-runtime-worker(ThreadId(1)) [1P:native-messaging/op-native-core-integration/src/connection_handler.rs:295] browser extension attempted to connect, but only the CLI is currently allowed
ERROR 2024-09-17T17:21:37.968+00:00 tokio-runtime-worker(ThreadId(1)) [1P:native-messaging/op-native-core-integration/src/connection_handler.rs:108] failed to validate NMH request: InvalidClientInfo
ERROR 2024-09-17T17:21:37.968+00:00 tokio-runtime-worker(ThreadId(1)) [1P:native-messaging/op-native-core-integration/src/connection_handler.rs:31] Dropping connection with b5x due to error handling incoming message: InvalidClientInfo
INFO  2024-09-17T17:21:38.947+00:00 tokio-runtime-worker(ThreadId(1)) [1P:native-messaging/op-native-core-integration/src/lib.rs:369] Extension connecting.
INFO  2024-09-17T17:21:38.947+00:00 tokio-runtime-worker(ThreadId(1)) [1P:native-messaging/op-native-core-integration/src/lib.rs:371] Extension connection accepted.
WARN  2024-09-17T17:21:38.947+00:00 tokio-runtime-worker(ThreadId(1)) [1P:native-messaging/op-native-core-integration/src/connection_handler.rs:295] browser extension attempted to connect, but only the CLI is currently allowed
ERROR 2024-09-17T17:21:38.947+00:00 tokio-runtime-worker(ThreadId(1)) [1P:native-messaging/op-native-core-integration/src/connection_handler.rs:108] failed to validate NMH request: InvalidClientInfo
ERROR 2024-09-17T17:21:38.947+00:00 tokio-runtime-worker(ThreadId(1)) [1P:native-messaging/op-native-core-integration/src/connection_handler.rs:31] Dropping connection with b5x due to error handling incoming message: InvalidClientInfo
INFO  2024-09-17T17:21:42.030+00:00 tokio-runtime-worker(ThreadId(1)) [1P:native-messaging/op-native-core-integration/src/lib.rs:369] Extension connecting.
INFO  2024-09-17T17:21:42.030+00:00 tokio-runtime-worker(ThreadId(1)) [1P:native-messaging/op-native-core-integration/src/lib.rs:371] Extension connection accepted.
WARN  2024-09-17T17:21:42.030+00:00 tokio-runtime-worker(ThreadId(1)) [1P:native-messaging/op-native-core-integration/src/connection_handler.rs:295] browser extension attempted to connect, but only the CLI is currently allowed
ERROR 2024-09-17T17:21:42.031+00:00 tokio-runtime-worker(ThreadId(1)) [1P:native-messaging/op-native-core-integration/src/connection_handler.rs:108] failed to validate NMH request: InvalidClientInfo
ERROR 2024-09-17T17:21:42.031+00:00 tokio-runtime-worker(ThreadId(1)) [1P:native-messaging/op-native-core-integration/src/connection_handler.rs:31] Dropping connection with b5x due to error handling incoming message: InvalidClientInfo
INFO  2024-09-17T17:21:43.032+00:00 tokio-runtime-worker(ThreadId(1)) [1P:native-messaging/op-native-core-integration/src/lib.rs:369] Extension connecting.
INFO  2024-09-17T17:21:43.032+00:00 tokio-runtime-worker(ThreadId(1)) [1P:native-messaging/op-native-core-integration/src/lib.rs:371] Extension connection accepted.
WARN  2024-09-17T17:21:43.032+00:00 tokio-runtime-worker(ThreadId(1)) [1P:native-messaging/op-native-core-integration/src/connection_handler.rs:295] browser extension attempted to connect, but only the CLI is currently allowed
ERROR 2024-09-17T17:21:43.032+00:00 tokio-runtime-worker(ThreadId(1)) [1P:native-messaging/op-native-core-integration/src/connection_handler.rs:108] failed to validate NMH request: InvalidClientInfo
ERROR 2024-09-17T17:21:43.032+00:00 tokio-runtime-worker(ThreadId(1)) [1P:native-messaging/op-native-core-integration/src/connection_handler.rs:31] Dropping connection with b5x due to error handling incoming message: InvalidClientInfo
WARN  2024-09-19T07:19:44.606+00:00 tokio-runtime-worker(ThreadId(8)) [1P:app/op-app/src/app/backend.rs:311] operation blocking event loop invoke Invocation(External(CheckForOnlineUpdate(<CheckForOnlineUpdateRequest>))) took more than 50 ms (78 ms)
WARN  2024-09-22T19:19:45.447+00:00 tokio-runtime-worker(ThreadId(1)) [1P:app/op-app/src/app/backend.rs:311] operation blocking event loop invoke Invocation(External(CheckForOnlineUpdate(<CheckForOnlineUpdateRequest>))) took more than 50 ms (53 ms)
WARN  2024-09-25T04:19:46.146+00:00 tokio-runtime-worker(ThreadId(1)) [1P:app/op-app/src/app/backend.rs:311] operation blocking event loop invoke Invocation(External(CheckForOnlineUpdate(<CheckForOnlineUpdateRequest>))) took more than 50 ms (57 ms)
ERROR 2024-09-26T15:09:22.143+00:00 ThreadId(47) [1P:op-crash-reporting/src/crash_handler.rs:257] Failed to prepare for requesting dump
